2021-12-08T15:09:40+00:00 CRITICAL Uncaught TypeError: call_user_func_array(): Argument #1 ($callback) must be a valid callback, non-static method AMPforWP\AMPVendor\AMP_Customizer_Design_Settings::register_customizer_ui() cannot be called statically in /var/www/vhosts/alexandrberestnev.dv.themerex.net/trendion.alexandrberestnev.dv.themerex.net/wp-includes/class-wp-hook.php:303
Stack trace:
#0 /var/www/vhosts/alexandrberestnev.dv.themerex.net/trendion.alexandrberestnev.dv.themerex.net/wp-includes/class-wp-hook.php(327): WP_Hook->apply_filters()
#1 /var/www/vhosts/alexandrberestnev.dv.themerex.net/trendion.alexandrberestnev.dv.themerex.net/wp-includes/plugin.php(470): WP_Hook->do_action()
#2 /var/www/vhosts/alexandrberestnev.dv.themerex.net/trendion.alexandrberestnev.dv.themerex.net/wp-content/plugins/accelerated-mobile-pages/includes/vendor/amp/includes/admin/class-amp-customizer.php(121): do_action()
#3 /var/www/vhosts/alexandrberestnev.dv.themerex.net/trendion.alexandrberestnev.dv.themerex.net/wp-content/plugins/accelerated-mobile-pages/includes/vendor/amp/includes/admin/class-amp-customizer.php(58): AMPforWP\AMPVendor\AMP_Template_Customizer->register_ui()
#4 /var/www/vhosts/alexandrberestnev.dv.themerex.net/trendion.alexandrberestnev.dv.themerex.net/wp-includes/class-wp-hook.php(303): AMPforWP\AMPVendor\AMP_Template_Customizer::init()
#5 /var/www/vhosts/alexandrberestnev.dv.themerex.net/trendion.alexandrberestnev.dv.themerex.net/wp-includes/class-wp-hook.php(327): WP_Hook->apply_filters()
#6 /var/www/vhosts/alexandrberestnev.dv.themerex.net/trendion.alexandrberestnev.dv.themerex.net/wp-includes/plugin.php(470): WP_Hook->do_action()
#7 /var/www/vhosts/alexandrberestnev.dv.themerex.net/trendion.alexandrberestnev.dv.themerex.net/wp-includes/class-wp-customize-manager.php(933): do_action()
#8 /var/www/vhosts/alexandrberestnev.dv.themerex.net/trendion.alexandrberestnev.dv.themerex.net/wp-includes/class-wp-hook.php(303): WP_Customize_Manager->wp_loaded()
#9 /var/www/vhosts/alexandrberestnev.dv.themerex.net/trendion.alexandrberestnev.dv.themerex.net/wp-includes/class-wp-hook.php(327): WP_Hook->apply_filters()
#10 /var/www/vhosts/alexandrberestnev.dv.themerex.net/trendion.alexandrberestnev.dv.themerex.net/wp-includes/plugin.php(470): WP_Hook->do_action()
#11 /var/www/vhosts/alexandrberestnev.dv.themerex.net/trendion.alexandrberestnev.dv.themerex.net/wp-settings.php(600): do_action()
#12 /var/www/vhosts/alexandrberestnev.dv.themerex.net/trendion.alexandrberestnev.dv.themerex.net/wp-config.php(82): require_once('...')
#13 /var/www/vhosts/alexandrberestnev.dv.themerex.net/trendion.alexandrberestnev.dv.themerex.net/wp-load.php(50): require_once('...')
#14 /var/www/vhosts/alexandrberestnev.dv.themerex.net/trendion.alexandrberestnev.dv.themerex.net/wp-admin/admin.php(34): require_once('...')
#15 /var/www/vhosts/alexandrberestnev.dv.themerex.net/trendion.alexandrberestnev.dv.themerex.net/wp-admin/customize.php(13): require_once('...')
#16 {main}
  thrown in /var/www/vhosts/alexandrberestnev.dv.themerex.net/trendion.alexandrberestnev.dv.themerex.net/wp-includes/class-wp-hook.php on line 303

2021-12-08T15:41:41+00:00 CRITICAL Uncaught Error: Call to undefined function kicker_get_file_dir() in /var/www/vhosts/trendion.dv.axiomthemes.com/httpdocs/wp-content/themes/trendion/skins/default/skin.php:17
Stack trace:
#0 /var/www/vhosts/trendion.dv.axiomthemes.com/httpdocs/wp-content/themes/trendion/skins/skins.php(1186): require_once()
#1 /var/www/vhosts/trendion.dv.axiomthemes.com/httpdocs/wp-content/themes/trendion/functions.php(897): require_once('...')
#2 /var/www/vhosts/trendion.dv.axiomthemes.com/httpdocs/wp-settings.php(546): include('...')
#3 /var/www/vhosts/trendion.dv.axiomthemes.com/httpdocs/wp-config.php(82): require_once('...')
#4 /var/www/vhosts/trendion.dv.axiomthemes.com/httpdocs/wp-load.php(50): require_once('...')
#5 /var/www/vhosts/trendion.dv.axiomthemes.com/httpdocs/wp-admin/admin-ajax.php(22): require_once('...')
#6 {main}
  thrown in /var/www/vhosts/trendion.dv.axiomthemes.com/httpdocs/wp-content/themes/trendion/skins/default/skin.php on line 17

2021-12-08T15:41:50+00:00 CRITICAL Uncaught Error: Call to undefined function kicker_get_file_dir() in /var/www/vhosts/trendion.dv.axiomthemes.com/httpdocs/wp-content/themes/trendion/skins/default/skin.php:17
Stack trace:
#0 /var/www/vhosts/trendion.dv.axiomthemes.com/httpdocs/wp-content/themes/trendion/skins/skins.php(1186): require_once()
#1 /var/www/vhosts/trendion.dv.axiomthemes.com/httpdocs/wp-content/themes/trendion/functions.php(897): require_once('...')
#2 /var/www/vhosts/trendion.dv.axiomthemes.com/httpdocs/wp-settings.php(546): include('...')
#3 /var/www/vhosts/trendion.dv.axiomthemes.com/httpdocs/wp-config.php(82): require_once('...')
#4 /var/www/vhosts/trendion.dv.axiomthemes.com/httpdocs/wp-load.php(50): require_once('...')
#5 /var/www/vhosts/trendion.dv.axiomthemes.com/httpdocs/wp-admin/admin.php(34): require_once('...')
#6 {main}
  thrown in /var/www/vhosts/trendion.dv.axiomthemes.com/httpdocs/wp-content/themes/trendion/skins/default/skin.php on line 17

2021-12-08T15:41:52+00:00 CRITICAL Uncaught Error: Call to undefined function kicker_get_file_dir() in /var/www/vhosts/trendion.dv.axiomthemes.com/httpdocs/wp-content/themes/trendion/skins/default/skin.php:17
Stack trace:
#0 /var/www/vhosts/trendion.dv.axiomthemes.com/httpdocs/wp-content/themes/trendion/skins/skins.php(1186): require_once()
#1 /var/www/vhosts/trendion.dv.axiomthemes.com/httpdocs/wp-content/themes/trendion/functions.php(897): require_once('...')
#2 /var/www/vhosts/trendion.dv.axiomthemes.com/httpdocs/wp-settings.php(546): include('...')
#3 /var/www/vhosts/trendion.dv.axiomthemes.com/httpdocs/wp-config.php(82): require_once('...')
#4 /var/www/vhosts/trendion.dv.axiomthemes.com/httpdocs/wp-load.php(50): require_once('...')
#5 /var/www/vhosts/trendion.dv.axiomthemes.com/httpdocs/wp-admin/admin.php(34): require_once('...')
#6 /var/www/vhosts/trendion.dv.axiomthemes.com/httpdocs/wp-admin/index.php(10): require_once('...')
#7 {main}
  thrown in /var/www/vhosts/trendion.dv.axiomthemes.com/httpdocs/wp-content/themes/trendion/skins/default/skin.php on line 17

2021-12-08T15:43:42+00:00 CRITICAL Uncaught Error: Call to undefined function kicker_get_file_dir() in /var/www/vhosts/trendion.dv.axiomthemes.com/httpdocs/wp-content/themes/trendion/skins/default/skin.php:17
Stack trace:
#0 /var/www/vhosts/trendion.dv.axiomthemes.com/httpdocs/wp-content/themes/trendion/skins/skins.php(1186): require_once()
#1 /var/www/vhosts/trendion.dv.axiomthemes.com/httpdocs/wp-content/themes/trendion/functions.php(897): require_once('...')
#2 /var/www/vhosts/trendion.dv.axiomthemes.com/httpdocs/wp-settings.php(546): include('...')
#3 /var/www/vhosts/trendion.dv.axiomthemes.com/httpdocs/wp-config.php(82): require_once('...')
#4 /var/www/vhosts/trendion.dv.axiomthemes.com/httpdocs/wp-load.php(50): require_once('...')
#5 /var/www/vhosts/trendion.dv.axiomthemes.com/httpdocs/wp-admin/admin-ajax.php(22): require_once('...')
#6 {main}
  thrown in /var/www/vhosts/trendion.dv.axiomthemes.com/httpdocs/wp-content/themes/trendion/skins/default/skin.php on line 17

